<?xml version="1.0" encoding="UTF-8"?>
<!-- Generated by org.testng.reporters.JUnitReportReporter -->
<testsuite hostname="CO-IT022856" failures="0" tests="1" name="com.globant.AppTest" time="0.006" errors="0" timestamp="08 Nov 2022 14:38:07 GMT" skipped="0">
  <testcase classname="com.globant.AppTest" name="shouldAnswerWithTrue" time="0.006"/>
</testsuite> <!-- com.globant.AppTest -->
